5999.31	98	21	60058

d0-c44-c62-c52-c63-c57-f2-d0                                              329.87         659.81         0
d0-c77-c66-c72-c84-c85-c76-c75-c82-c71-c69-c74-d0                         207.25         640.87         0
d0-f24-c93-d0                                                             374.53         606.80         0
d0-f6-d0                                                                  127.48         206.22         0
d0-c88-c94-f6-d0                                                          348.63         597.95         0
d0-c22-c24-c25-f5-d0                                                      313.19         574.79         0
d0-f13-c28-c39-c30-d0                                                     362.42         648.63         0
d0-c49-c60-c59-c46-c61-f2-d0                                              328.47         657.70         0
d0-c37-c36-c40-c31-c29-f13-d0                                             313.79         635.69         0
d0-c6-c10-c5-c18-c1-c13-c9-c20-c8-c2-c7-f8-d0                             201.36         647.05         0
d0-f16-c48-c65-c55-c47-c54-c95-d0                                         303.59         650.38         0
d0-c4-c16-c17-c26-c23-c15-d0                                              298.57         627.85         0
d0-c70-c67-c68-c78-c98-c80-c79-c73-c81-d0                                 223.05         604.57         0
d0-f2-c51-c99-c42-c50-d0                                                  345.00         652.50         0
d0-c91-c87-c89-f13-d0                                                     341.35         617.03         0
d0-f8-d0                                                                    5.85          23.78         0
d0-f14-c97-c96-c11-c3-c21-c12-c14-c19-f8-d0                               229.32         613.98         0
d0-c83-c34-c38-f25-c92-d0                                                 341.54         647.31         0
d0-c32-c27-f13-d0                                                         357.03         610.55         0
d0-c86-c35-c100-f6-d0                                                     360.66         645.99         0
d0-c53-c43-c41-c56-c45-c58-c64-f16-d0                                     286.34         654.51         0
