5484.51	100	19	67056

d0-c24-c76-c75-c21-c22-c25-f13-d0                                         302.72         649.08         0
d0-c87-f3-d0                                                              355.10         577.65         0
d0-c99-f3-c40-c36-d0                                                      362.20         648.30         0
d0-c83-c97-c79-c49-d0                                                     192.28         408.42         0
d0-c80-c86-c72-c71-c70-c69-c10-d0                                         299.27         658.90         0
d0-f13-c45-c84-c32-c28-c27-d0                                             328.12         657.18         0
d0-c1-c38-c64-c59-c14-c13-c12-c60-c61-c63-c62-d0                          217.26         655.88         0
d0-f1-c77-c35-c39-c42-c92-c91-d0                                          243.51         560.27         0
d0-f2-c57-c58-c65-c66-c67-c68-c96-c7-c5-c6-d0                             225.75         653.62         0
d0-c33-c94-c20-c47-f19-c95-c2-d0                                          297.54         641.32         0
d0-c78-c50-c44-c54-c88-c53-c51-c52-d0                                     198.41         537.62         0
d0-c41-c93-c90-c43-c34-d0                                                 185.92         428.89         0
d0-c23-c98-c74-f13-d0                                                     358.54         642.80         0
d0-c37-c46-f2-c73-d0                                                      369.30         658.96         0
d0-f5-c55-c48-c85-f5-d0                                                   268.43         522.64         0
d0-c100-c82-c26-f13-d0                                                    337.42         611.13         0
d0-f17-c89-c81-c4-c3-c31-d0                                               304.99         622.49         0
d0-f16-c17-c18-c19-c56-c16-c15-c11-d0                                     289.40         659.10         0
d0-c8-c9-f13-c30-c29-d0                                                   348.34         657.51         0
