5570.42	99	19	67770

d0-c4-c65-c43-c40-c44-c95-c66-c5-c67-c33-d0                               237.47         656.20         0
d0-c99-c9-c16-c54-c1-c22-c30-d0                                           263.38         605.07         0
d0-c36-c55-c13-c15-c14-c39-c11-c19-c73-d0                                 223.71         605.57         0
d0-f1-c48-f22-c84-d0                                                      342.00         602.99         0
d0-f7-c88-c25-c35-d0                                                      360.40         645.60         0
d0-f4-c29-c20-c31-c64-d0                                                  337.51         641.27         0
d0-f1-c90-c21-c72-c10-c53-c18-c12-c81-f1-d0                               213.52         590.28         0
d0-c93-c34-c97-c68-c69-c78-c41-c77-d0                                     196.48         534.72         0
d0-f4-c92-c52-c75-d0                                                      365.69         653.54         0
d0-f14-f14-c45-c70-c51-c28-d0                                             320.73         631.09         0
d0-c61-c47-c71-c46-c98-c7-f14-d0                                          301.31         646.97         0
d0-c6-c85-c83-c26-c58-c82-c17-d0                                          286.72         640.07         0
d0-f3-c100-c63-c50-c86-c94-d0                                             326.17         654.25         0
d0-c76-c23-c62-c42-f3-d0                                                  324.20         621.31         0
d0-f2-c38-c57-c89-c96-c87-d0                                              294.21         606.31         0
d0-f3-c2-c27-c3-c37-c49-d0                                                323.98         650.97         0
d0-c91-c80-c60-c74-f7-d0                                                  345.12         652.69         0
d0-c24-c8-c56-c59-f1-d0                                                   147.66         356.49         0
d0-c79-f4-d0                                                              360.16         585.25         0
