5775.50	100	21	77338

d0-c79-c78-c77-c27-c80-c29-c68-d0                                         295.05         652.58         0
d0-c91-c92-c90-c93-c88-c9-c53-c76-f1-d0                                    84.07         381.10         0
d0-c69-c87-c73-c43-c13-c5-c22-c67-c66-d0                                  214.65         591.98         0
d0-f1-c15-c16-c19-c62-c25-c39-c96-d0                                      247.35         596.02         0
d0-f13-c99-c38-c37-c97-c98-c100-d0                                        303.51         650.26         0
d0-c89-c26-c54-c58-c72-c45-c59-f8-d0                                      206.56         534.84         0
d0-c21-c35-c64-c30-c32-c31-c33-c34-c55-d0                                 245.58         638.37         0
d0-c49-c10-c61-c40-f6-d0                                                  204.30         441.46         0
d0-c8-c51-c48-c94-c57-f13-d0                                              309.87         629.80         0
d0-c47-f3-d0                                                              329.98         539.97         0
d0-c42-c60-c2-f21-d0                                                      363.15         649.72         0
d0-c4-c23-f6-d0                                                           333.62         575.42         0
d0-c7-c44-c24-c50-c56-c3-f4-d0                                            228.63         537.94         0
d0-c75-c52-c46-c86-c85-c18-c84-f2-d0                                      286.81         655.21         0
d0-c20-c17-c41-f6-d0                                                      361.47         647.20         0
d0-f3-c71-c74-f3-d0                                                       374.09         651.14         0
d0-c12-c36-c70-f13-d0                                                     367.04         655.56         0
d0-f2-c6-d0                                                               392.05         633.08         0
d0-c11-c1-f17-c82-c81-c83-d0                                              293.92         605.88         0
d0-f1-c95-c63-c65-c28-d0                                                  276.85         550.28         0
d0-c14-d0                                                                  56.95         115.42         0
