5516.65	99	19	135983

d0-c6-c85-c83-c26-c58-c82-c17-f1-d0                                       286.72         655.07         0
d0-f14-c45-c70-c51-c28-f14-d0                                             321.41         632.12         0
d0-c91-c80-c74-c60-f7-d0                                                  340.71         646.07         0
d0-c57-c31-c20-c29-f4-d0                                                  338.96         643.43         0
d0-c84-f22-c4-c65-d0                                                      345.35         623.02         0
d0-f4-c92-c52-c75-d0                                                      365.69         653.54         0
d0-c49-c37-c3-c27-c2-f3-d0                                                323.98         650.97         0
d0-c61-c47-c71-c46-c98-c7-f14-d0                                          301.31         646.97         0
d0-c35-c25-c88-f7-d0                                                      360.40         645.60         0
d0-c23-c62-c42-c76-f3-d0                                                  318.34         612.50         0
d0-f1-c81-c59-c56-c8-c24-d0                                               148.20         387.29         0
d0-c43-c40-c44-c95-c66-c5-c67-d0                                          213.59         530.38         0
d0-f3-c100-c63-c50-c86-c94-d0                                             326.17         654.25         0
d0-c99-c12-c18-c10-c53-c72-c21-c90-c9-d0                                  192.22         558.33         0
d0-c16-c1-c22-c54-c30-d0                                                  261.53         542.30         0
d0-f4-c79-c38-f2-f1-d0                                                    360.87         646.31         0
d0-c64-c87-c89-c96-d0                                                     255.32         502.97         0
d0-c36-c13-c15-c55-c14-c39-c11-c19-c73-d0                                 231.39         617.09         0
d0-f1-c33-c48-c68-c69-c78-c41-c77-c97-c34-c93-d0                          224.52         651.78         0
