5578.60	100	19	128575

d0-f13-c94-c56-d0                                                         387.10         655.65         0
d0-c11-c22-c23-c62-c68-c74-c97-d0                                         248.14         582.21         0
d0-f1-c35-c89-c92-c91-c24-c73-f16-d0                                      278.76         628.13         0
d0-c78-c9-c10-c7-c6-c80-f16-d0                                            302.63         648.94         0
d0-c49-c52-c69-c66-c18-f13-d0                                             304.32         621.48         0
d0-c50-c51-c54-c26-c55-c53-c75-d0                                         290.43         645.65         0
d0-f13-c96-c95-c42-c31-c28-d0                                             320.45         645.68         0
d0-f21-c3-c98-c2-c1-d0                                                    333.32         634.99         0
d0-c39-c61-c47-c32-c70-c29-c45-d0                                         223.31         544.97         0
d0-c81-c82-c30-c25-c8-c79-c77-d0                                          297.94         656.91         0
d0-c17-c16-f8-c63-c44-c76-c72-c13-c27-c41-c14-c15-d0                      188.42         627.63         0
d0-c5-c4-c60-f2-d0                                                        358.53         642.79         0
d0-c65-c59-f2-d0                                                          374.03         636.05         0
d0-f16-c67-c58-c99-c19-c57-c20-c38-c100-f1-d0                             228.91         613.36         0
d0-c12-c33-c21-c34-c48-c71-f16-d0                                         110.67         361.01         0
d0-c90-c36-f2-c64-d0                                                      359.81         644.72         0
d0-c93-c40-c88-c87-c86-c85-c37-c83-c84-d0                                 256.79         655.19         0
d0-c46-f3-d0                                                              360.16         585.25         0
d0-c43-f3-d0                                                              354.87         577.30         0
