6049.29	100	21	132957

d0-c53-c46-c48-c86-c47-c69-c98-f1-d0                                      286.22         654.34         0
d0-c38-c9-c61-c72-c71-c39-d0                                              277.33         595.99         0
d0-c18-f4-d0                                                              360.16         585.25         0
d0-f1-c1-c68-c100-c65-c67-c12-d0                                          298.24         642.36         0
d0-f4-c66-c28-c35-c91-c60-f1-d0                                           316.33         654.49         0
d0-f1-c11-c26-c50-c23-c17-c37-d0                                          196.02         489.03         0
d0-f1-d0                                                                    0.00          15.00         0
d0-c52-c33-c87-f7-d0                                                      355.02         637.54         0
d0-c97-c14-c84-f7-d0                                                      335.33         608.00         0
d0-c57-c70-f3-c44-d0                                                      336.84         610.27         0
d0-f1-c92-c96-c54-c83-c34-c30-c64-d0                                      282.96         649.44         0
d0-c5-c82-c15-c55-c20-c10-c24-c27-c76-d0                                  163.35         515.03         0
d0-c40-c2-c3-c79-c81-f18-c29-d0                                           301.98         647.97         0
d0-c94-f21-c32-c77-c36-d0                                                 340.63         645.95         0
d0-f3-c16-c45-d0                                                          372.43         633.65         0
d0-c88-c59-c13-c4-c58-c25-c21-d0                                          226.61         549.91         0
d0-c73-c42-c7-c8-c6-c41-c49-c62-c99-c93-d0                                232.45         648.67         0
d0-c51-c85-f21-f1-d0                                                      377.15         655.73         0
d0-c78-c80-c74-f14-c22-d0                                                 335.70         638.56         0
d0-c31-c19-c89-c75-c56-c63-c90-c43-d0                                     260.39         630.59         0
d0-c95-f3-d0                                                              394.12         636.18         0
