6067.39	100	20	81824

d0-c57-c70-c72-c71-f3-d0                                                  332.26         633.40         0
d0-c37-c17-c23-c50-c26-c59-c88-d0                                         205.90         518.85         0
d0-c12-c67-c65-c100-c68-c1-f1-d0                                          298.24         642.36         0
d0-c41-c49-c40-c29-c2-c3-c79-f1-d0                                        289.44         659.16         0
d0-c44-c73-c42-c7-c6-c8-c61-c9-c38-d0                                     233.04         619.55         0
d0-c11-c76-c5-c55-c15-c20-c10-c24-c82-c27-f1-d0                           168.57         567.85         0
d0-f21-c32-c85-c39-d0                                                     351.27         631.90         0
d0-c98-c25-c21-c58-c4-c13-d0                                              252.86         559.29         0
d0-f4-c66-c18-d0                                                          362.13         618.19         0
d0-f22-c51-c36-c77-d0                                                     349.85         629.78         0
d0-f1-c92-c97-c14-c84-f7-d0                                               335.33         653.00         0
d0-c45-c16-f3-d0                                                          372.43         633.65         0
d0-c78-c80-c74-f14-c22-d0                                                 335.70         638.56         0
d0-c43-c90-c63-c56-c75-c89-c19-c31-d0                                     260.39         630.59         0
d0-c86-c47-c48-c46-c53-c62-c99-c94-c93-f1-d0                              241.88         647.82         0
d0-c64-c30-c34-c83-c54-c96-d0                                             248.07         552.11         0
d0-c69-c81-f18-f1-d0                                                      371.01         646.51         0
d0-f7-c87-c33-c52-d0                                                      355.02         637.54         0
d0-c60-c91-c28-c35-f4-d0                                                  309.86         599.78         0
d0-c95-f3-d0                                                              394.12         636.18         0
