5359.91	100	19	96285

d0-c88-c80-c24-c92-c91-c90-c89-d0                                         294.05         651.07         0
d0-f16-c86-c30-c25-c8-c77-c78-c79-d0                                      285.89         653.84         0
d0-c9-c10-c7-f2-c93-d0                                                    307.84         596.77         0
d0-f8-c11-c22-c23-c62-c68-c74-c45-d0                                      208.46         537.68         0
d0-f2-c5-c6-c36-d0                                                        368.95         658.43         0
d0-f2-c59-c65-d0                                                          374.03         636.05         0
d0-f2-c60-c4-c82-d0                                                       347.70         626.55         0
d0-f13-c66-c18-c55-c54-d0                                                 326.86         625.30         0
d0-f3-c46-c43-f3-d0                                                       374.09         651.14         0
d0-c71-c48-c34-c21-c50-c51-c33-c12-c16-c17-d0                             152.77         529.15         0
d0-f13-c94-c56-d0                                                         387.10         655.65         0
d0-c73-c67-c58-c99-c19-c57-c20-c38-d0                                     230.69         586.04         0
d0-f13-c96-c95-c42-c31-c28-d0                                             320.45         645.68         0
d0-f21-c3-c98-c2-c1-d0                                                    333.32         634.99         0
d0-f8-c15-c14-c27-c41-c13-c63-c44-c72-c76-c97-d0                          215.59         638.39         0
d0-c26-c53-c69-c75-c52-c49-c100-d0                                        291.65         647.48         0
d0-c29-c70-c32-c47-c61-c39-d0                                             222.98         514.47         0
d0-c64-c37-c83-c84-c81-c85-c87-c40-f16-d0                                 249.23         628.85         0
d0-f16-c35-d0                                                              68.24         147.35         0
