5858.95	100	21	56769

d0-f1-c25-c96-c39-c61-c95-c28-c63-d0                                      283.57         650.35         0
d0-f16-c31-c32-c33-c34-c80-d0                                             293.23         604.85         0
d0-c1-f21-c2-c60-d0                                                       347.19         625.79         0
d0-f3-c74-c71-f3-d0                                                       374.09         651.14         0
d0-c57-c94-c48-c51-c8-f13-d0                                              300.30         615.45         0
d0-c19-c62-c40-c10-c49-c55-d0                                             217.41         506.12         0
d0-c43-c5-c13-c67-c22-c66-c7-c73-c87-c69-d0                               229.11         643.66         0
d0-f3-c65-c4-c23-d0                                                       352.02         633.03         0
d0-c44-c24-c50-c56-c3-f4-c90-c91-d0                                       222.62         558.93         0
d0-f1-c15-c16-c76-c53-c9-c88-c93-c92-d0                                   100.14         405.21         0
d0-c75-c52-c46-c83-c84-c81-d0                                             281.74         602.61         0
d0-f3-c47-d0                                                              329.98         539.97         0
d0-f13-c12-c36-c70-d0                                                     368.13         657.20         0
d0-f2-c18-c29-c30-c68-c64-c35-c21-d0                                      237.10         580.66         0
d0-f8-c59-c45-c72-c58-c54-c26-c89-c14-d0                                  231.74         602.61         0
d0-f2-c86-c85-c42-c82-f2-d0                                               320.49         630.74         0
d0-f16-c27-c78-c77-c79-c11-d0                                             297.50         611.25         0
d0-f1-d0                                                                   15.55          38.33         0
d0-f6-c41-c17-c20-d0                                                      361.47         647.20         0
d0-f13-c99-c37-c38-c98-c97-c100-d0                                        303.51         650.26         0
d0-c6-f2-d0                                                               392.05         633.08         0
