6752.38	98	22	48158

d0-c73-c71-c76-c72-c77-c67-c65-f16-d0                                     285.97         653.96         0
d0-f24-c33-c29-d0                                                         374.10         636.15         0
d0-f24-c96-c98-d0                                                         361.22         616.83         0
d0-f24-c30-c32-c31-c8-f16-d0                                              330.74         646.10         0
d0-c34-c35-c36-c37-c86-c100-c24-c23-c95-d0                                226.57         609.86         0
d0-f13-c43-c42-d0                                                         358.17         612.26         0
d0-f2-c82-c47-c84-c55-c54-c57-c11-d0                                      263.08         619.62         0
d0-c28-c25-c27-c26-c22-f8-d0                                               83.04         289.57         0
d0-f1-c62-c79-c80-c69-c64-c63-c81-d0                                      245.78         593.67         0
d0-f2-c56-c59-c83-c85-d0                                                  345.31         652.96         0
d0-c41-c38-c2-c3-c1-f19-d0                                                308.69         628.04         0
d0-c45-c46-c51-c49-c52-c50-c58-d0                                         292.59         648.89         0
d0-c89-c48-c53-c60-f21-d0                                                 343.42         650.13         0
d0-c4-c7-c6-c5-c94-f10-d0                                                 220.58         495.86         0
d0-f22-c19-c17-d0                                                         376.23         639.35         0
d0-c20-f22-d0                                                             391.38         632.07         0
d0-c15-f23-d0                                                             409.58         659.37         0
d0-f16-c90-c10-c74-c66-c70-c75-c78-c68-c61-d0                             238.06         642.09         0
d0-c99-c97-c21-f22-d0                                                     360.66         645.99         0
d0-c13-c87-c12-c92-c88-c91-c14-c9-d0                                      247.39         611.09         0
d0-f5-c39-c40-c93-d0                                                      288.64         537.96         0
d0-c18-f23-d0                                                             401.17         646.76         0
