5788.16	100	21	69628

d0-c31-c32-c33-c34-c53-c76-c16-c15-d0                                     268.43         642.65         0
d0-c42-c83-c84-c82-c81-f2-d0                                              324.71         652.06         0
d0-c100-c97-c98-c37-c38-c99-f13-d0                                        303.51         650.26         0
d0-c20-c17-c41-f6-d0                                                      361.47         647.20         0
d0-f1-f1-d0                                                                15.55          53.33         0
d0-c63-c65-f3-d0                                                          273.12         484.68         0
d0-c6-f2-d0                                                               392.05         633.08         0
d0-c55-c49-c10-c40-c61-c95-c39-c96-c25-d0                                 249.33         643.99         0
d0-c11-c77-c78-c79-c27-c80-f16-d0                                         299.62         644.43         0
d0-f13-c12-c36-c70-d0                                                     368.13         657.20         0
d0-f2-c46-c75-c52-c69-d0                                                  262.07         528.10         0
d0-f3-c28-c4-c23-d0                                                       341.53         617.29         0
d0-f13-c57-c51-c48-c94-c8-d0                                              306.10         624.15         0
d0-f3-c71-c74-f1-d0                                                       372.47         648.70         0
d0-f8-c59-c72-c45-c58-c54-c26-c89-c14-d0                                  231.37         602.05         0
d0-c43-c13-c5-c22-c67-c66-c7-c73-d0                                       207.93         551.90         0
d0-c91-c90-c92-c93-c88-c9-f16-d0                                           38.53         252.80         0
d0-c1-c60-c2-f21-d0                                                       346.34         624.51         0
d0-c62-c19-f3-c47-d0                                                      350.12         630.18         0
d0-c44-c24-c50-c3-c56-f4-c87-d0                                           228.02         537.03         0
d0-c21-c35-c64-f2-c85-c86-c18-c29-c30-c68-d0                              247.77         656.66         0
