5310.58	100	19	132164

d0-f16-c73-c67-c58-c99-c19-c57-c20-c38-d0                                 230.72         601.08         0
d0-f2-c59-c36-d0                                                          362.59         618.89         0
d0-c28-c31-c95-c96-c42-f13-d0                                             322.53         648.80         0
d0-f13-c66-c18-c55-c54-d0                                                 326.86         625.30         0
d0-f13-c94-c56-d0                                                         387.10         655.65         0
d0-c89-c90-c91-c92-c24-c80-c93-d0                                         293.65         650.48         0
d0-f8-c16-c17-c12-c33-c51-c50-c21-c34-c35-c48-c71-d0                      159.75         584.62         0
d0-f21-c98-c3-c2-c1-d0                                                    334.59         636.88         0
d0-c29-c70-c32-c47-c61-c39-d0                                             222.98         514.47         0
d0-c82-c84-c83-c37-c85-c86-c87-c88-c40-d0                                 258.88         658.33         0
d0-c13-c72-c63-c44-c76-c97-c41-c27-c14-c15-f8-d0                          202.92         619.38         0
d0-c11-c22-c23-c62-c68-c74-c45-d0                                         206.73         520.10         0
d0-f16-c64-f2-c65-d0                                                      361.66         632.49         0
d0-f16-d0                                                                  13.05          34.58         0
d0-f3-c46-c43-f3-d0                                                       374.09         651.14         0
d0-f2-c60-c4-d0                                                           338.59         582.89         0
d0-c81-c30-c25-c8-c77-c78-c79-d0                                          296.20         654.30         0
d0-c9-c10-c7-c6-c5-f2-d0                                                  326.01         654.02         0
d0-c26-c53-c69-c75-c52-c49-c100-d0                                        291.65         647.48         0
