5437.09	100	19	105140

d0-c95-c33-c47-c20-f19-c94-f5-d0                                          308.32         642.48         0
d0-c62-c63-c61-c64-c1-c38-c59-c60-c12-c13-c14-d0                          212.07         648.11         0
d0-c27-c28-c32-c84-f13-d0                                                 326.49         624.73         0
d0-c15-c16-c17-c81-c3-c4-c31-d0                                           282.26         633.38         0
d0-c73-c87-f3-d0                                                          364.09         621.13         0
d0-c100-c82-c45-c26-f13-d0                                                344.64         651.97         0
d0-f17-c56-c19-c89-c18-c57-f2-d0                                          306.25         639.37         0
d0-c83-c97-c78-c79-c50-c44-c54-c88-c53-c51-c52-d0                         216.87         655.30         0
d0-c34-c43-c90-c93-c41-c30-c29-f1-d0                                      254.72         607.09         0
d0-c39-c92-c42-c91-c40-c36-d0                                             248.74         553.10         0
d0-f16-d0                                                                  13.05          34.58         0
d0-c77-c35-f3-c99-d0                                                      361.25         646.87         0
d0-f13-c8-c9-d0                                                           343.44         590.16         0
d0-f2-c58-c46-c37-d0                                                      368.22         657.33         0
d0-f13-c74-c98-c23-d0                                                     358.54         642.80         0
d0-f13-c76-c75-c21-c22-c25-c24-d0                                         301.06         646.59         0
d0-c6-c7-c5-c96-c68-c67-c66-c65-c11-c2-d0                                 236.80         655.20         0
d0-c10-c69-c70-c80-c86-c72-c71-d0                                         297.51         656.27         0
d0-c49-c48-c55-c85-f5-d0                                                  292.79         574.18         0
