6196.65	100	21	88748

d0-c94-c36-c77-c32-f21-d0                                                 342.19         648.28         0
d0-c51-c85-f21-f1-d0                                                      377.15         655.73         0
d0-c64-c30-c34-c83-c54-c96-d0                                             248.07         552.11         0
d0-c93-c99-c62-c44-c73-c42-c7-c6-c8-c61-f1-d0                             225.66         653.49         0
d0-c78-c80-c74-f14-c22-d0                                                 335.70         638.56         0
d0-c31-c19-c89-c75-c56-c63-c90-c43-d0                                     260.39         630.59         0
d0-c13-c4-c58-c21-c25-c98-f1-d0                                           252.86         574.29         0
d0-c38-c9-c72-c71-c39-c41-c49-d0                                          284.66         636.98         0
d0-f3-c70-c57-d0                                                          331.11         571.66         0
d0-f7-c97-c14-c84-c92-f1-d0                                               338.68         658.02         0
d0-c60-c91-c35-c28-c66-f4-d0                                              316.33         639.49         0
d0-c12-c67-c69-d0                                                         267.04         490.57         0
d0-f1-c1-c68-c100-c65-c47-d0                                              287.59         596.38         0
d0-f3-c16-c45-d0                                                          372.43         633.65         0
d0-f7-c87-c33-c52-d0                                                      355.02         637.54         0
d0-f1-c86-c48-c46-c53-d0                                                  183.87         410.81         0
d0-f18-c81-c79-c3-c2-c29-c40-d0                                           306.61         654.91         0
d0-f1-c27-c24-c10-c20-c15-c55-c82-c5-c76-d0                               150.23         510.35         0
d0-c11-c88-c59-c26-c50-c23-c17-c37-d0                                     206.77         550.16         0
d0-c18-f4-d0                                                              360.16         585.25         0
d0-c95-f3-d0                                                              394.12         636.18         0
