5422.47	100	19	125348

d0-c5-c7-c6-c96-c68-c67-c66-c65-f16-d0                                    219.20         583.80         0
d0-c82-c45-c26-f13-c41-d0                                                 294.55         576.82         0
d0-c87-f3-c40-c36-d0                                                      362.43         648.65         0
d0-c34-c93-c43-c90-c100-d0                                                191.24         436.87         0
d0-f5-c85-c94-c47-c20-f19-c33-d0                                          313.69         650.53         0
d0-f17-c18-c89-c19-c56-c16-c15-d0                                         301.86         647.80         0
d0-f1-c77-c39-c42-c92-c91-c35-d0                                          237.90         551.85         0
d0-c51-c52-c53-c88-c54-c44-c50-c97-d0                                     193.51         530.26         0
d0-c37-c46-f2-d0                                                          366.41         624.61         0
d0-f5-c55-c48-c49-c79-c78-c83-d0                                          290.41         630.62         0
d0-c62-c61-c60-c14-c13-c12-c59-c64-c38-c1-c63-d0                          217.66         656.48         0
d0-c27-c28-c32-c84-f13-d0                                                 326.49         624.73         0
d0-c74-c98-c23-f13-d0                                                     358.40         642.60         0
d0-c73-c11-c2-c95-d0                                                      175.68         383.53         0
d0-c24-c25-c21-c22-c76-c75-f13-d0                                         301.06         646.59         0
d0-f2-c58-c57-c17-c81-c4-c3-c31-d0                                        271.26         631.90         0
d0-c10-c69-c70-c80-c86-c72-c71-d0                                         297.51         656.27         0
d0-c8-c9-f13-c30-c29-d0                                                   348.34         657.51         0
d0-c99-f3-d0                                                              354.87         577.30         0
