6122.76	98	21	93893

d0-c69-c91-c87-c89-f13-d0                                                 342.95         649.42         0
d0-c49-c46-c60-c59-c99-f2-d0                                              329.54         659.31         0
d0-c4-c5-c20-c9-c13-c1-c18-c8-c6-c10-d0                                   157.01         535.51         0
d0-c21-c3-c11-c96-c97-f14-c12-c19-c14-c16-f8-d0                           228.74         643.10         0
d0-c51-c42-f2-d0                                                          336.86         580.29         0
d0-f13-c39-c28-c29-d0                                                     363.35         650.02         0
d0-f13-c30-c31-c40-c36-c37-d0                                             313.81         635.72         0
d0-c74-f13-c27-c32-d0                                                     358.81         643.22         0
d0-c83-c88-c94-f6-f6-d0                                                   350.00         645.01         0
d0-f24-c93-c95-d0                                                         374.85         637.27         0
d0-c7-c2-f5-c25-c26-c17-d0                                                296.76         610.15         0
d0-f8-c24-c22-c23-c15-d0                                                  294.90         577.35         0
d0-c77-d0                                                                  66.61         129.91         0
d0-c66-c72-c84-c85-c71-c76-c82-c75-d0                                     164.83         487.24         0
d0-c92-f25-c38-c34-c100-d0                                                343.14         649.72         0
d0-f2-c62-c44-d0                                                          318.41         552.61         0
d0-c35-c86-f6-d0                                                          356.04         609.06         0
d0-c53-c43-c41-c56-c45-c58-c64-f16-d0                                     286.34         654.51         0
d0-f2-c61-c50-c52-c63-c48-d0                                              322.97         649.45         0
d0-f16-c57-c65-c55-c47-c54-d0                                             293.80         605.70         0
d0-c81-c73-c79-c80-c98-c78-c68-c67-c70-d0                                 223.05         604.57         0
