6742.42	98	22	80903

d0-c22-c93-c7-c5-c6-c4-c94-d0                                             278.16         627.24         0
d0-c15-f23-d0                                                             409.58         659.37         0
d0-f1-c34-f13-c42-c43-d0                                                  358.83         658.25         0
d0-c9-f2-c83-c59-d0                                                       344.98         622.47         0
d0-c45-c46-c51-c58-c49-c48-c89-d0                                         292.46         648.69         0
d0-f23-c18-d0                                                             401.17         646.76         0
d0-f22-c21-c97-c99-d0                                                     360.66         645.99         0
d0-f22-c17-c19-d0                                                         376.43         639.64         0
d0-f16-c98-c96-f24-d0                                                     361.29         631.93         0
d0-c27-c26-c24-c23-c100-c86-c37-c36-c35-d0                                212.87         589.31         0
d0-c10-c11-c87-c13-c12-c92-c88-c91-c14-d0                                 254.58         651.87         0
d0-f8-c95-d0                                                               41.79         107.69         0
d0-f24-c29-c33-d0                                                         374.34         636.51         0
d0-f24-c32-c31-c90-d0                                                     336.84         610.26         0
d0-f1-c80-c62-c79-c64-c69-c63-c81-d0                                      245.16         592.74         0
d0-f2-c56-c57-c54-c55-c84-c85-c82-c47-d0                                  269.03         658.55         0
d0-c72-c76-c71-c73-c30-c77-c65-d0                                         284.96         637.43         0
d0-f16-c28-f5-c40-c39-c25-d0                                              269.15         553.73         0
d0-f22-c20-d0                                                             391.38         632.07         0
d0-f19-c1-c3-c2-c38-c41-d0                                                308.69         628.04         0
d0-c52-c50-c60-c53-f21-d0                                                 340.11         645.17         0
d0-c8-c61-c78-c68-c75-c67-c66-c74-c70-f16-d0                              229.95         629.92         0
