5591.11	99	19	129477

d0-c76-c65-c4-c43-c40-c44-c95-c66-c48-d0                                  256.23         654.34         0
d0-c49-c37-c27-f20-c13-c15-d0                                             302.13         618.20         0
d0-f1-c57-c89-c96-c87-c64-d0                                              284.50         591.75         0
d0-c35-c25-c88-f7-d0                                                      360.40         645.60         0
d0-f1-c81-c56-c17-c59-d0                                                  185.16         412.74         0
d0-f14-c51-c28-c70-c45-f1-d0                                              325.36         638.05         0
d0-c93-c34-c97-c77-c41-c78-c69-c68-c5-c67-f1-d0                           226.41         654.62         0
d0-c11-c39-c14-c55-c94-c33-c36-d0                                         194.12         501.18         0
d0-c98-c46-c71-c47-c61-c8-c24-d0                                          292.80         649.20         0
d0-f1-c73-c19-c16-c1-c22-c54-c30-d0                                       267.37         626.06         0
d0-f4-c29-c20-c31-d0                                                      337.49         611.24         0
d0-f3-c100-c63-c50-c2-d0                                                  327.38         626.07         0
d0-c82-c58-c26-c83-c85-c7-c6-d0                                           289.61         644.42         0
d0-f7-c80-c74-c60-c91-d0                                                  342.58         648.87         0
d0-f4-c92-c52-f1-d0                                                       364.34         636.51         0
d0-c9-c90-c21-c72-c10-c53-c12-c18-c99-d0                                  187.58         551.37         0
d0-c3-c84-c86-f3-d0                                                       355.31         637.96         0
d0-c75-c62-c23-c42-f3-d0                                                  331.55         632.32         0
d0-f4-c79-c38-f1-d0                                                       360.77         631.15         0
