6154.50	98	21	65135

d0-c53-c43-c41-c56-c45-c58-c64-f16-d0                                     286.34         654.51         0
d0-c57-c52-c63-c48-d0                                                     290.78         556.17         0
d0-f16-c95-c54-c47-c55-c65-d0                                             290.85         601.27         0
d0-c81-d0                                                                  72.46         138.68         0
d0-c74-c69-c91-c89-f13-d0                                                 328.58         627.87         0
d0-f24-c93-d0                                                             374.53         606.80         0
d0-f6-c86-c35-d0                                                          356.04         609.06         0
d0-c98-c88-c94-f6-d0                                                      350.47         630.71         0
d0-c3-c11-c97-c96-c17-c12-c14-d0                                          236.39         564.59         0
d0-f5-c26-c25-c24-c22-d0                                                  325.85         623.77         0
d0-f2-c50-c59-c60-c46-c49-d0                                              327.51         656.27         0
d0-c34-c38-f25-c100-f6-d0                                                 348.62         642.94         0
d0-c70-c67-c68-c92-c78-c80-c79-c73-c83-d0                                 239.49         629.24         0
d0-f2-c44-c62-c42-f2-d0                                                   342.57         633.86         0
d0-f13-c32-c27-c87-d0                                                     359.08         643.61         0
d0-c5-c20-c9-c13-c15-c23-f5-c2-c7-d0                                      235.20         607.80         0
d0-c76-c75-c82-c71-c84-c85-c72-c66-c77-d0                                 183.33         545.00         0
d0-c37-c36-c31-c40-c29-f13-d0                                             314.97         637.46         0
d0-c30-c28-c39-f13-d0                                                     362.82         649.24         0
d0-c51-c61-c99-f2-d0                                                      341.44         617.15         0
d0-c4-c10-c6-c8-c18-c1-c16-c19-c21-f8-d0                                  187.16         565.74         0
