6750.84	98	22	70289

d0-c60-c53-c52-c49-f17-c82-d0                                             329.99         659.99         0
d0-c9-f2-c56-c57-c55-c54-c84-c47-c46-d0                                   269.40         659.10         0
d0-f24-c31-c32-c30-c77-d0                                                 336.61         639.91         0
d0-c88-c59-c83-f2-d0                                                      349.06         628.59         0
d0-c43-c42-f13-d0                                                         357.03         610.55         0
d0-c28-c25-c26-c22-c27-d0                                                  89.13         283.69         0
d0-f16-c8-c70-c74-c66-c65-c67-c90-d0                                      225.04         562.56         0
d0-c95-c23-c24-c100-c86-c37-c36-c35-c34-d0                                226.57         609.86         0
d0-c41-c38-c2-c3-c1-f19-d0                                                308.69         628.04         0
d0-c45-c51-c50-c58-c48-c85-c89-d0                                         296.80         655.20         0
d0-c39-c40-f5-d0                                                          259.14         463.71         0
d0-f22-c17-c19-d0                                                         376.43         639.64         0
d0-f24-c29-c33-d0                                                         374.34         636.51         0
d0-c81-c63-c69-c80-c64-c62-c79-f1-d0                                      262.01         618.02         0
d0-c10-c11-c87-c13-c12-c92-c14-c91-d0                                     234.88         592.32         0
d0-f22-c21-c97-c99-d0                                                     360.66         645.99         0
d0-c20-f22-d0                                                             391.38         632.07         0
d0-c18-f23-d0                                                             401.17         646.76         0
d0-f8-c93-c7-c6-c5-c4-c94-f10-d0                                          272.91         619.37         0
d0-c61-f24-c98-c96-d0                                                     362.59         648.89         0
d0-c68-c76-c71-c73-c72-c75-c78-f16-d0                                     257.41         611.12         0
d0-c15-f23-d0                                                             409.58         659.37         0
